  main.c
c:\users\reali\source\repos\downloadclient_just_thread\downloadclient_just_thread\main.c(39): warning C4133: '함수': 'unsigned long *'과(와) 'const char *' 사이의 형식이 호환되지 않습니다.
  SocketLib.c
c:\users\reali\source\repos\downloadclient_just_thread\downloadclient_just_thread\socketlib.c(165): warning C4267: '=': 'size_t'에서 'int'(으)로 변환하면서 데이터가 손실될 수 있습니다.
c:\users\reali\source\repos\downloadclient_just_thread\downloadclient_just_thread\socketlib.c(174): warning C4267: '=': 'size_t'에서 'int'(으)로 변환하면서 데이터가 손실될 수 있습니다.
c:\users\reali\source\repos\downloadclient_just_thread\downloadclient_just_thread\socketlib.c(168): warning C4477: 'printf' : 서식 문자열 '%zd'에 'unsigned __int64' 형식의 인수가 필요하지만 variadic 인수 1의 형식이 'int'입니다.
  c:\users\reali\source\repos\downloadclient_just_thread\downloadclient_just_thread\socketlib.c(168): note: 서식 문자열에서 '%d'을(를) 사용하는 것이 좋습니다.
  c:\users\reali\source\repos\downloadclient_just_thread\downloadclient_just_thread\socketlib.c(168): note: 서식 문자열에서 '%I32d'을(를) 사용하는 것이 좋습니다.
c:\users\reali\source\repos\downloadclient_just_thread\downloadclient_just_thread\socketlib.c(168): warning C4477: 'printf' : 서식 문자열 '%zd'에 'unsigned __int64' 형식의 인수가 필요하지만 variadic 인수 2의 형식이 'int'입니다.
  c:\users\reali\source\repos\downloadclient_just_thread\downloadclient_just_thread\socketlib.c(168): note: 서식 문자열에서 '%d'을(를) 사용하는 것이 좋습니다.
  c:\users\reali\source\repos\downloadclient_just_thread\downloadclient_just_thread\socketlib.c(168): note: 서식 문자열에서 '%I32d'을(를) 사용하는 것이 좋습니다.
c:\users\reali\source\repos\downloadclient_just_thread\downloadclient_just_thread\socketlib.c(168): warning C4477: 'printf' : 서식 문자열 '%zd'에 'unsigned __int64' 형식의 인수가 필요하지만 variadic 인수 3의 형식이 'int'입니다.
  c:\users\reali\source\repos\downloadclient_just_thread\downloadclient_just_thread\socketlib.c(168): note: 서식 문자열에서 '%d'을(를) 사용하는 것이 좋습니다.
  c:\users\reali\source\repos\downloadclient_just_thread\downloadclient_just_thread\socketlib.c(168): note: 서식 문자열에서 '%I32d'을(를) 사용하는 것이 좋습니다.
c:\users\reali\source\repos\downloadclient_just_thread\downloadclient_just_thread\socketlib.c(176): warning C4477: 'printf' : 서식 문자열 '%zd'에 'unsigned __int64' 형식의 인수가 필요하지만 variadic 인수 1의 형식이 'int'입니다.
  c:\users\reali\source\repos\downloadclient_just_thread\downloadclient_just_thread\socketlib.c(176): note: 서식 문자열에서 '%d'을(를) 사용하는 것이 좋습니다.
  c:\users\reali\source\repos\downloadclient_just_thread\downloadclient_just_thread\socketlib.c(176): note: 서식 문자열에서 '%I32d'을(를) 사용하는 것이 좋습니다.
c:\users\reali\source\repos\downloadclient_just_thread\downloadclient_just_thread\socketlib.c(176): warning C4477: 'printf' : 서식 문자열 '%zd'에 'unsigned __int64' 형식의 인수가 필요하지만 variadic 인수 2의 형식이 'int'입니다.
  c:\users\reali\source\repos\downloadclient_just_thread\downloadclient_just_thread\socketlib.c(176): note: 서식 문자열에서 '%d'을(를) 사용하는 것이 좋습니다.
  c:\users\reali\source\repos\downloadclient_just_thread\downloadclient_just_thread\socketlib.c(176): note: 서식 문자열에서 '%I32d'을(를) 사용하는 것이 좋습니다.
c:\users\reali\source\repos\downloadclient_just_thread\downloadclient_just_thread\socketlib.c(176): warning C4477: 'printf' : 서식 문자열 '%zd'에 'unsigned __int64' 형식의 인수가 필요하지만 variadic 인수 3의 형식이 'int'입니다.
  c:\users\reali\source\repos\downloadclient_just_thread\downloadclient_just_thread\socketlib.c(176): note: 서식 문자열에서 '%d'을(를) 사용하는 것이 좋습니다.
  c:\users\reali\source\repos\downloadclient_just_thread\downloadclient_just_thread\socketlib.c(176): note: 서식 문자열에서 '%I32d'을(를) 사용하는 것이 좋습니다.
  코드를 생성하고 있습니다...
  DownloadClient_Just_Thread.vcxproj -> C:\Users\reali\source\repos\DownloadClient_Just_Thread\x64\Debug\DownloadClient_Just_Thread.exe
