  SocketLib.c
SocketLib.c(164): warning C4267: '=': 'size_t'에서 'int'(으)로 변환하면서 데이터가 손실될 수 있습니다.
SocketLib.c(173): warning C4267: '=': 'size_t'에서 'int'(으)로 변환하면서 데이터가 손실될 수 있습니다.
SocketLib.c(167): warning C4477: 'printf' : 서식 문자열 '%zd'에 'unsigned __int64' 형식의 인수가 필요하지만 variadic 인수 1의 형식이 'int'입니다.
  SocketLib.c(167): note: 서식 문자열에서 '%d'을(를) 사용하는 것이 좋습니다.
  SocketLib.c(167): note: 서식 문자열에서 '%I32d'을(를) 사용하는 것이 좋습니다.
SocketLib.c(167): warning C4477: 'printf' : 서식 문자열 '%zd'에 'unsigned __int64' 형식의 인수가 필요하지만 variadic 인수 2의 형식이 'int'입니다.
  SocketLib.c(167): note: 서식 문자열에서 '%d'을(를) 사용하는 것이 좋습니다.
  SocketLib.c(167): note: 서식 문자열에서 '%I32d'을(를) 사용하는 것이 좋습니다.
SocketLib.c(175): warning C4477: 'printf' : 서식 문자열 '%zd'에 'unsigned __int64' 형식의 인수가 필요하지만 variadic 인수 1의 형식이 'int'입니다.
  SocketLib.c(175): note: 서식 문자열에서 '%d'을(를) 사용하는 것이 좋습니다.
  SocketLib.c(175): note: 서식 문자열에서 '%I32d'을(를) 사용하는 것이 좋습니다.
SocketLib.c(175): warning C4477: 'printf' : 서식 문자열 '%zd'에 'unsigned __int64' 형식의 인수가 필요하지만 variadic 인수 2의 형식이 'int'입니다.
  SocketLib.c(175): note: 서식 문자열에서 '%d'을(를) 사용하는 것이 좋습니다.
  SocketLib.c(175): note: 서식 문자열에서 '%I32d'을(를) 사용하는 것이 좋습니다.
  main.c
  코드를 생성하고 있습니다.
  2 of 12 functions (16.7%) were compiled, the rest were copied from previous compilation.
    0 functions were new in current compilation
    1 functions had inline decision re-evaluated but remain unchanged
  코드를 생성했습니다.
  DownloadServer_Just_Thread.vcxproj -> C:\Users\reali\source\repos\DownloadServer_Just_Thread\x64\Release\DownloadServer_Just_Thread.exe
